0 info it worked if it ends with ok
1 verbose cli [ '/Users/Mikeysax/.nvm/versions/node/v6.0.0/bin/node',
1 verbose cli   '/Users/Mikeysax/.nvm/versions/node/v6.0.0/bin/npm',
1 verbose cli   'run',
1 verbose cli   'test' ]
2 info using npm@3.8.6
3 info using node@v6.0.0
4 verbose run-script [ 'pretest', 'test', 'posttest' ]
5 info lifecycle otis-bot@0.0.0~pretest: otis-bot@0.0.0
6 silly lifecycle otis-bot@0.0.0~pretest: no script for pretest, continuing
7 info lifecycle otis-bot@0.0.0~test: otis-bot@0.0.0
8 verbose lifecycle otis-bot@0.0.0~test: unsafe-perm in lifecycle true
9 verbose lifecycle otis-bot@0.0.0~test: PATH: /Users/Mikeysax/.nvm/versions/node/v6.0.0/lib/node_modules/npm/bin/node-gyp-bin:/Users/Mikeysax/Desktop/otis-bot/node_modules/.bin:/Users/Mikeysax/.nvm/versions/node/v6.0.0/bin:/Users/Mikeysax/.nvm/versions/node/v6.0.0/bin:/Library/PostgreSQL/9.4/bin:/Users/Mikeysax/.rbenv/shims:/Users/Mikeysax/.rbenv/bin:/usr/local/bin:/usr/bin:/bin:/usr/sbin:/sbin
10 verbose lifecycle otis-bot@0.0.0~test: CWD: /Users/Mikeysax/Desktop/otis-bot
11 silly lifecycle otis-bot@0.0.0~test: Args: [ '-c',
11 silly lifecycle   './node_modules/mocha/bin/mocha --compilers coffee:coffee-script/register test/*.coffee' ]
12 silly lifecycle otis-bot@0.0.0~test: Returned: code: 1  signal: null
13 info lifecycle otis-bot@0.0.0~test: Failed to exec test script
14 verbose stack Error: otis-bot@0.0.0 test: `./node_modules/mocha/bin/mocha --compilers coffee:coffee-script/register test/*.coffee`
14 verbose stack Exit status 1
14 verbose stack     at EventEmitter.<anonymous> (/Users/Mikeysax/.nvm/versions/node/v6.0.0/lib/node_modules/npm/lib/utils/lifecycle.js:239:16)
14 verbose stack     at emitTwo (events.js:106:13)
14 verbose stack     at EventEmitter.emit (events.js:191:7)
14 verbose stack     at ChildProcess.<anonymous> (/Users/Mikeysax/.nvm/versions/node/v6.0.0/lib/node_modules/npm/lib/utils/spawn.js:24:14)
14 verbose stack     at emitTwo (events.js:106:13)
14 verbose stack     at ChildProcess.emit (events.js:191:7)
14 verbose stack     at maybeClose (internal/child_process.js:850:16)
14 verbose stack     at Process.ChildProcess._handle.onexit (internal/child_process.js:215:5)
15 verbose pkgid otis-bot@0.0.0
16 verbose cwd /Users/Mikeysax/Desktop/otis-bot
17 error Darwin 15.4.0
18 error argv "/Users/Mikeysax/.nvm/versions/node/v6.0.0/bin/node" "/Users/Mikeysax/.nvm/versions/node/v6.0.0/bin/npm" "run" "test"
19 error node v6.0.0
20 error npm  v3.8.6
21 error code ELIFECYCLE
22 error otis-bot@0.0.0 test: `./node_modules/mocha/bin/mocha --compilers coffee:coffee-script/register test/*.coffee`
22 error Exit status 1
23 error Failed at the otis-bot@0.0.0 test script './node_modules/mocha/bin/mocha --compilers coffee:coffee-script/register test/*.coffee'.
23 error Make sure you have the latest version of node.js and npm installed.
23 error If you do, this is most likely a problem with the otis-bot package,
23 error not with npm itself.
23 error Tell the author that this fails on your system:
23 error     ./node_modules/mocha/bin/mocha --compilers coffee:coffee-script/register test/*.coffee
23 error You can get information on how to open an issue for this project with:
23 error     npm bugs otis-bot
23 error Or if that isn't available, you can get their info via:
23 error     npm owner ls otis-bot
23 error There is likely additional logging output above.
24 verbose exit [ 1, true ]
